0 info it worked if it ends with ok
1 verbose cli [ '/Users/jonelson/.nvm/versions/node/v4.2.1/bin/node',
1 verbose cli   '/Users/jonelson/.nvm/versions/node/v4.2.1/bin/npm',
1 verbose cli   'run',
1 verbose cli   'semantic-release' ]
2 info using npm@3.3.10
3 info using node@v4.2.1
4 verbose run-script [ 'presemantic-release',
4 verbose run-script   'semantic-release',
4 verbose run-script   'postsemantic-release' ]
5 info lifecycle atlaskit-component-b@0.0.3~presemantic-release: atlaskit-component-b@0.0.3
6 silly lifecycle atlaskit-component-b@0.0.3~presemantic-release: no script for presemantic-release, continuing
7 info lifecycle atlaskit-component-b@0.0.3~semantic-release: atlaskit-component-b@0.0.3
8 verbose lifecycle atlaskit-component-b@0.0.3~semantic-release: unsafe-perm in lifecycle true
9 verbose lifecycle atlaskit-component-b@0.0.3~semantic-release: PATH: /Users/jonelson/.nvm/versions/node/v4.2.1/lib/node_modules/npm/bin/node-gyp-bin:/Users/jonelson/Documents/Atlassian/Projects/atlaskit-spike/packages/component-b/node_modules/.bin:/Users/jonelson/.rvm/gems/ruby-2.0.0-p643/bin:/Users/jonelson/.rvm/gems/ruby-2.0.0-p643@global/bin:/Users/jonelson/.rvm/rubies/ruby-2.0.0-p643/bin:/Users/jonelson/.nvm/versions/node/v4.2.1/bin:/Users/jonelson/.jenv/shims:/Users/jonelson/.jenv/bin:/usr/local/heroku/bin:/Users/jonelson/atlassian/agent-charlie/bin:/Users/jonelson/atlassian/bin:/usr/local/bin:/usr/bin:/bin:/usr/local/sbin:/usr/sbin:/sbin:/Users/jonelson/atlassian/atlassian-scripts/bin:/Users/jonelson/.rvm/bin
10 verbose lifecycle atlaskit-component-b@0.0.3~semantic-release: CWD: /Users/jonelson/Documents/Atlassian/Projects/atlaskit-spike/packages/component-b
11 silly lifecycle atlaskit-component-b@0.0.3~semantic-release: Args: [ '-c',
11 silly lifecycle   '../../node_modules/.bin/semantic-release pre && npm publish && ../../node_modules/.bin/semantic-release post' ]
12 silly lifecycle atlaskit-component-b@0.0.3~semantic-release: Returned: code: 1  signal: null
13 info lifecycle atlaskit-component-b@0.0.3~semantic-release: Failed to exec semantic-release script
14 verbose stack Error: atlaskit-component-b@0.0.3 semantic-release: `../../node_modules/.bin/semantic-release pre && npm publish && ../../node_modules/.bin/semantic-release post`
14 verbose stack Exit status 1
14 verbose stack     at EventEmitter.<anonymous> (/Users/jonelson/.nvm/versions/node/v4.2.1/lib/node_modules/npm/lib/utils/lifecycle.js:232:16)
14 verbose stack     at emitTwo (events.js:87:13)
14 verbose stack     at EventEmitter.emit (events.js:172:7)
14 verbose stack     at ChildProcess.<anonymous> (/Users/jonelson/.nvm/versions/node/v4.2.1/lib/node_modules/npm/lib/utils/spawn.js:24:14)
14 verbose stack     at emitTwo (events.js:87:13)
14 verbose stack     at ChildProcess.emit (events.js:172:7)
14 verbose stack     at maybeClose (internal/child_process.js:818:16)
14 verbose stack     at Process.ChildProcess._handle.onexit (internal/child_process.js:211:5)
15 verbose pkgid atlaskit-component-b@0.0.3
16 verbose cwd /Users/jonelson/Documents/Atlassian/Projects/atlaskit-spike/packages/component-b
17 error Darwin 15.0.0
18 error argv "/Users/jonelson/.nvm/versions/node/v4.2.1/bin/node" "/Users/jonelson/.nvm/versions/node/v4.2.1/bin/npm" "run" "semantic-release"
19 error node v4.2.1
20 error npm  v3.3.10
21 error code ELIFECYCLE
22 error atlaskit-component-b@0.0.3 semantic-release: `../../node_modules/.bin/semantic-release pre && npm publish && ../../node_modules/.bin/semantic-release post`
22 error Exit status 1
23 error Failed at the atlaskit-component-b@0.0.3 semantic-release script '../../node_modules/.bin/semantic-release pre && npm publish && ../../node_modules/.bin/semantic-release post'.
23 error Make sure you have the latest version of node.js and npm installed.
23 error If you do, this is most likely a problem with the atlaskit-component-b package,
23 error not with npm itself.
23 error Tell the author that this fails on your system:
23 error     ../../node_modules/.bin/semantic-release pre && npm publish && ../../node_modules/.bin/semantic-release post
23 error You can get their info via:
23 error     npm owner ls atlaskit-component-b
23 error There is likely additional logging output above.
24 verbose exit [ 1, true ]
